2023-06-11 12:53:57 ERROR (ArbolFrame.java:42) Error al crear el arbol
java.io.FileNotFoundException: D:\Users new\Escritorio\arol.txt (The system cannot find the file specified)
	at java.io.FileInputStream.open0(Native Method) ~[?:?]
	at java.io.FileInputStream.open(FileInputStream.java:219) ~[?:?]
	at java.io.FileInputStream.<init>(FileInputStream.java:158) ~[?:?]
	at java.io.FileReader.<init>(FileReader.java:75) ~[?:?]
	at org.example.archivos.LectorArbol.leerNombresYRelaciones(LectorArbol.java:59) ~[classes/:?]
	at org.example.archivos.LectorArbol.leer(LectorArbol.java:27) ~[classes/:?]
	at org.example.gui.ArbolFrame.crearArbolTest(ArbolFrame.java:38) [classes/:?]
	at org.example.gui.ArbolFrame.<init>(ArbolFrame.java:25) [classes/:?]
	at org.example.Main.main(Main.java:9) [classes/:?]
2023-06-11 12:56:28 ERROR (ArbolFrame.java:45) Error al crear el arbol
java.io.FileNotFoundException: D:\Users new\Escritorio\arol.txt (The system cannot find the file specified)
	at java.io.FileInputStream.open0(Native Method) ~[?:?]
	at java.io.FileInputStream.open(FileInputStream.java:219) ~[?:?]
	at java.io.FileInputStream.<init>(FileInputStream.java:158) ~[?:?]
	at java.io.FileReader.<init>(FileReader.java:75) ~[?:?]
	at org.example.archivos.LectorArbol.leerNombresYRelaciones(LectorArbol.java:59) ~[classes/:?]
	at org.example.archivos.LectorArbol.leer(LectorArbol.java:27) ~[classes/:?]
	at org.example.gui.ArbolFrame.crearArbolTest(ArbolFrame.java:39) [classes/:?]
	at org.example.gui.ArbolFrame.<init>(ArbolFrame.java:26) [classes/:?]
	at org.example.Main.main(Main.java:8) [classes/:?]
2023-06-11 12:57:15 ERROR (ArbolFrame.java:45) Error al crear el arbol
java.io.FileNotFoundException: D:\Users new\Escritorio\arol.txt (The system cannot find the file specified)
	at java.io.FileInputStream.open0(Native Method) ~[?:?]
	at java.io.FileInputStream.open(FileInputStream.java:219) ~[?:?]
	at java.io.FileInputStream.<init>(FileInputStream.java:158) ~[?:?]
	at java.io.FileReader.<init>(FileReader.java:75) ~[?:?]
	at org.example.archivos.LectorArbol.leerNombresYRelaciones(LectorArbol.java:59) ~[classes/:?]
	at org.example.archivos.LectorArbol.leer(LectorArbol.java:27) ~[classes/:?]
	at org.example.gui.ArbolFrame.crearArbolTest(ArbolFrame.java:39) [classes/:?]
	at org.example.gui.ArbolFrame.<init>(ArbolFrame.java:26) [classes/:?]
	at org.example.Main.main(Main.java:8) [classes/:?]
2023-06-11 12:57:26 ERROR (ArbolFrame.java:45) Error al crear el arbol
java.io.FileNotFoundException: D:\Users new\Escritorio\arol.txt (The system cannot find the file specified)
	at java.io.FileInputStream.open0(Native Method) ~[?:?]
	at java.io.FileInputStream.open(FileInputStream.java:219) ~[?:?]
	at java.io.FileInputStream.<init>(FileInputStream.java:158) ~[?:?]
	at java.io.FileReader.<init>(FileReader.java:75) ~[?:?]
	at org.example.archivos.LectorArbol.leerNombresYRelaciones(LectorArbol.java:59) ~[classes/:?]
	at org.example.archivos.LectorArbol.leer(LectorArbol.java:27) ~[classes/:?]
	at org.example.gui.ArbolFrame.crearArbolTest(ArbolFrame.java:39) [classes/:?]
	at org.example.gui.ArbolFrame.<init>(ArbolFrame.java:26) [classes/:?]
	at org.example.Main.main(Main.java:8) [classes/:?]
2023-06-11 12:58:31 ERROR (ArbolFrame.java:42) Error al crear el arbol
java.io.FileNotFoundException: D:\Users new\Escritorio\arol.txt (The system cannot find the file specified)
	at java.io.FileInputStream.open0(Native Method) ~[?:?]
	at java.io.FileInputStream.open(FileInputStream.java:219) ~[?:?]
	at java.io.FileInputStream.<init>(FileInputStream.java:158) ~[?:?]
	at java.io.FileReader.<init>(FileReader.java:75) ~[?:?]
	at org.example.archivos.LectorArbol.leerNombresYRelaciones(LectorArbol.java:59) ~[classes/:?]
	at org.example.archivos.LectorArbol.leer(LectorArbol.java:27) ~[classes/:?]
	at org.example.gui.ArbolFrame.crearArbolTest(ArbolFrame.java:38) [classes/:?]
	at org.example.gui.ArbolFrame.<init>(ArbolFrame.java:25) [classes/:?]
	at org.example.Main.main(Main.java:8) [classes/:?]
2023-06-11 13:05:35 ERROR (ArbolFrame.java:42) Error al crear el arbol
java.io.FileNotFoundException: D:\Users new\Escritorio\arol.txt (The system cannot find the file specified)
	at java.io.FileInputStream.open0(Native Method) ~[?:?]
	at java.io.FileInputStream.open(FileInputStream.java:219) ~[?:?]
	at java.io.FileInputStream.<init>(FileInputStream.java:158) ~[?:?]
	at java.io.FileReader.<init>(FileReader.java:75) ~[?:?]
	at org.example.archivos.LectorArbol.leerNombresYRelaciones(LectorArbol.java:59) ~[classes/:?]
	at org.example.archivos.LectorArbol.leer(LectorArbol.java:27) ~[classes/:?]
	at org.example.gui.ArbolFrame.crearArbolTest(ArbolFrame.java:38) [classes/:?]
	at org.example.gui.ArbolFrame.<init>(ArbolFrame.java:25) [classes/:?]
	at org.example.Main.main(Main.java:8) [classes/:?]
2023-06-11 13:06:06 ERROR (ArbolFrame.java:42) Error al crear el arbol
java.io.FileNotFoundException: D:\Users new\Escritorio\arol.txt (The system cannot find the file specified)
	at java.io.FileInputStream.open0(Native Method) ~[?:?]
	at java.io.FileInputStream.open(FileInputStream.java:219) ~[?:?]
	at java.io.FileInputStream.<init>(FileInputStream.java:158) ~[?:?]
	at java.io.FileReader.<init>(FileReader.java:75) ~[?:?]
	at org.example.archivos.LectorArbol.leerNombresYRelaciones(LectorArbol.java:59) ~[classes/:?]
	at org.example.archivos.LectorArbol.leer(LectorArbol.java:27) ~[classes/:?]
	at org.example.gui.ArbolFrame.crearArbolTest(ArbolFrame.java:38) [classes/:?]
	at org.example.gui.ArbolFrame.<init>(ArbolFrame.java:25) [classes/:?]
	at org.example.Main.main(Main.java:8) [classes/:?]
2023-06-11 13:06:25 ERROR (ArbolFrame.java:42) Error al crear el arbol
java.io.FileNotFoundException: D:\Users new\Escritorio\arol.txt (The system cannot find the file specified)
	at java.io.FileInputStream.open0(Native Method) ~[?:?]
	at java.io.FileInputStream.open(FileInputStream.java:219) ~[?:?]
	at java.io.FileInputStream.<init>(FileInputStream.java:158) ~[?:?]
	at java.io.FileReader.<init>(FileReader.java:75) ~[?:?]
	at org.example.archivos.LectorArbol.leerNombresYRelaciones(LectorArbol.java:59) ~[classes/:?]
	at org.example.archivos.LectorArbol.leer(LectorArbol.java:27) ~[classes/:?]
	at org.example.gui.ArbolFrame.crearArbolTest(ArbolFrame.java:38) [classes/:?]
	at org.example.gui.ArbolFrame.<init>(ArbolFrame.java:25) [classes/:?]
	at org.example.Main.main(Main.java:8) [classes/:?]
2023-06-11 13:06:48 ERROR (ArbolFrame.java:42) Error al crear el arbol
java.io.FileNotFoundException: D:\Users new\Escritorio\arol.txt (The system cannot find the file specified)
	at java.io.FileInputStream.open0(Native Method) ~[?:?]
	at java.io.FileInputStream.open(FileInputStream.java:219) ~[?:?]
	at java.io.FileInputStream.<init>(FileInputStream.java:158) ~[?:?]
	at java.io.FileReader.<init>(FileReader.java:75) ~[?:?]
	at org.example.archivos.LectorArbol.leerNombresYRelaciones(LectorArbol.java:59) ~[classes/:?]
	at org.example.archivos.LectorArbol.leer(LectorArbol.java:27) ~[classes/:?]
	at org.example.gui.ArbolFrame.crearArbolTest(ArbolFrame.java:38) [classes/:?]
	at org.example.gui.ArbolFrame.<init>(ArbolFrame.java:25) [classes/:?]
	at org.example.Main.main(Main.java:8) [classes/:?]
2023-06-11 13:07:51 ERROR (ArbolFrame.java:42) Error al crear el arbol
java.io.FileNotFoundException: D:\Users new\Escritorio\arol.txt (The system cannot find the file specified)
	at java.io.FileInputStream.open0(Native Method) ~[?:?]
	at java.io.FileInputStream.open(FileInputStream.java:219) ~[?:?]
	at java.io.FileInputStream.<init>(FileInputStream.java:158) ~[?:?]
	at java.io.FileReader.<init>(FileReader.java:75) ~[?:?]
	at org.example.archivos.LectorArbol.leerNombresYRelaciones(LectorArbol.java:59) ~[classes/:?]
	at org.example.archivos.LectorArbol.leer(LectorArbol.java:27) ~[classes/:?]
	at org.example.gui.ArbolFrame.crearArbolTest(ArbolFrame.java:38) [classes/:?]
	at org.example.gui.ArbolFrame.<init>(ArbolFrame.java:25) [classes/:?]
	at org.example.Main.main(Main.java:8) [classes/:?]
2023-06-11 15:02:43 ERROR (ArbolFrame.java:42) Error al crear el arbol
java.io.FileNotFoundException: D:\Users new\Escritorio\arol.txt (The system cannot find the file specified)
	at java.io.FileInputStream.open0(Native Method) ~[?:?]
	at java.io.FileInputStream.open(FileInputStream.java:219) ~[?:?]
	at java.io.FileInputStream.<init>(FileInputStream.java:158) ~[?:?]
	at java.io.FileReader.<init>(FileReader.java:75) ~[?:?]
	at org.example.archivos.LectorArbol.leerNombresYRelaciones(LectorArbol.java:59) ~[classes/:?]
	at org.example.archivos.LectorArbol.leer(LectorArbol.java:27) ~[classes/:?]
	at org.example.gui.ArbolFrame.crearArbolTest(ArbolFrame.java:38) [classes/:?]
	at org.example.gui.ArbolFrame.<init>(ArbolFrame.java:25) [classes/:?]
	at org.example.Main.main(Main.java:8) [classes/:?]
2023-06-11 15:04:17 ERROR (ArbolFrame.java:42) Error al crear el arbol
java.io.FileNotFoundException: D:\Users new\Escritorio\arol.txt (The system cannot find the file specified)
	at java.io.FileInputStream.open0(Native Method) ~[?:?]
	at java.io.FileInputStream.open(FileInputStream.java:219) ~[?:?]
	at java.io.FileInputStream.<init>(FileInputStream.java:158) ~[?:?]
	at java.io.FileReader.<init>(FileReader.java:75) ~[?:?]
	at org.example.archivos.LectorArbol.leerNombresYRelaciones(LectorArbol.java:59) ~[classes/:?]
	at org.example.archivos.LectorArbol.leer(LectorArbol.java:27) ~[classes/:?]
	at org.example.gui.ArbolFrame.crearArbolTest(ArbolFrame.java:38) [classes/:?]
	at org.example.gui.ArbolFrame.<init>(ArbolFrame.java:25) [classes/:?]
	at org.example.Main.main(Main.java:8) [classes/:?]
2023-06-11 15:05:22 ERROR (ArbolFrame.java:42) Error al crear el arbol
java.io.FileNotFoundException: D:\Users new\Escritorio\arol.txt (The system cannot find the file specified)
	at java.io.FileInputStream.open0(Native Method) ~[?:?]
	at java.io.FileInputStream.open(FileInputStream.java:219) ~[?:?]
	at java.io.FileInputStream.<init>(FileInputStream.java:158) ~[?:?]
	at java.io.FileReader.<init>(FileReader.java:75) ~[?:?]
	at org.example.archivos.LectorArbol.leerNombresYRelaciones(LectorArbol.java:59) ~[classes/:?]
	at org.example.archivos.LectorArbol.leer(LectorArbol.java:27) ~[classes/:?]
	at org.example.gui.ArbolFrame.crearArbolTest(ArbolFrame.java:38) [classes/:?]
	at org.example.gui.ArbolFrame.<init>(ArbolFrame.java:25) [classes/:?]
	at org.example.Main.main(Main.java:8) [classes/:?]
2023-06-11 15:05:59 ERROR (ArbolFrame.java:42) Error al crear el arbol
java.io.FileNotFoundException: D:\Users new\Escritorio\arol.txt (The system cannot find the file specified)
	at java.io.FileInputStream.open0(Native Method) ~[?:?]
	at java.io.FileInputStream.open(FileInputStream.java:219) ~[?:?]
	at java.io.FileInputStream.<init>(FileInputStream.java:158) ~[?:?]
	at java.io.FileReader.<init>(FileReader.java:75) ~[?:?]
	at org.example.archivos.LectorArbol.leerNombresYRelaciones(LectorArbol.java:59) ~[classes/:?]
	at org.example.archivos.LectorArbol.leer(LectorArbol.java:27) ~[classes/:?]
	at org.example.gui.ArbolFrame.crearArbolTest(ArbolFrame.java:38) [classes/:?]
	at org.example.gui.ArbolFrame.<init>(ArbolFrame.java:25) [classes/:?]
	at org.example.Main.main(Main.java:8) [classes/:?]
2023-06-11 15:07:36 ERROR (ArbolFrame.java:42) Error al crear el arbol
java.io.FileNotFoundException: D:\Users new\Escritorio\arol.txt (The system cannot find the file specified)
	at java.io.FileInputStream.open0(Native Method) ~[?:?]
	at java.io.FileInputStream.open(FileInputStream.java:219) ~[?:?]
	at java.io.FileInputStream.<init>(FileInputStream.java:158) ~[?:?]
	at java.io.FileReader.<init>(FileReader.java:75) ~[?:?]
	at org.example.archivos.LectorArbol.leerNombresYRelaciones(LectorArbol.java:59) ~[classes/:?]
	at org.example.archivos.LectorArbol.leer(LectorArbol.java:27) ~[classes/:?]
	at org.example.gui.ArbolFrame.crearArbolTest(ArbolFrame.java:38) [classes/:?]
	at org.example.gui.ArbolFrame.<init>(ArbolFrame.java:25) [classes/:?]
	at org.example.Main.main(Main.java:8) [classes/:?]
2023-06-11 15:08:49 ERROR (ArbolFrame.java:42) Error al crear el arbol
java.io.FileNotFoundException: D:\Users new\Escritorio\arol.txt (The system cannot find the file specified)
	at java.io.FileInputStream.open0(Native Method) ~[?:?]
	at java.io.FileInputStream.open(FileInputStream.java:219) ~[?:?]
	at java.io.FileInputStream.<init>(FileInputStream.java:158) ~[?:?]
	at java.io.FileReader.<init>(FileReader.java:75) ~[?:?]
	at org.example.archivos.LectorArbol.leerNombresYRelaciones(LectorArbol.java:59) ~[classes/:?]
	at org.example.archivos.LectorArbol.leer(LectorArbol.java:27) ~[classes/:?]
	at org.example.gui.ArbolFrame.crearArbolTest(ArbolFrame.java:38) [classes/:?]
	at org.example.gui.ArbolFrame.<init>(ArbolFrame.java:25) [classes/:?]
	at org.example.Main.main(Main.java:8) [classes/:?]
2023-06-11 15:14:27 ERROR (ArbolFrame.java:42) Error al crear el arbol
java.io.FileNotFoundException: D:\Users new\Escritorio\arol.txt (The system cannot find the file specified)
	at java.io.FileInputStream.open0(Native Method) ~[?:?]
	at java.io.FileInputStream.open(FileInputStream.java:219) ~[?:?]
	at java.io.FileInputStream.<init>(FileInputStream.java:158) ~[?:?]
	at java.io.FileReader.<init>(FileReader.java:75) ~[?:?]
	at org.example.archivos.LectorArbol.leerNombresYRelaciones(LectorArbol.java:59) ~[classes/:?]
	at org.example.archivos.LectorArbol.leer(LectorArbol.java:27) ~[classes/:?]
	at org.example.gui.ArbolFrame.crearArbolTest(ArbolFrame.java:38) [classes/:?]
	at org.example.gui.ArbolFrame.<init>(ArbolFrame.java:25) [classes/:?]
	at org.example.Main.main(Main.java:8) [classes/:?]
2023-06-11 15:35:59 ERROR (ArbolFrame.java:43) El archivo no existe
